\BOOKMARK [1][-]{section.1}{\376\377\000T\000\354\000m\000\040\000h\000i\036\303\000u\000\040\000c\000\364\000n\000g\000\040\000n\000g\000h\036\307\000\040\000v\000\340\000\040\000M\000Q\000T\000T\000\040\000S\000e\000r\000v\000e\000r}{}% 1
\BOOKMARK [2][-]{subsection.1.1}{\376\377\000C\000\364\000n\000g\000\040\000n\000g\000h\036\307\000\040\000s\036\355\000\040\000d\036\345\000n\000g\000\040\000t\000r\000o\000n\000g\000\040\000m\000o\000b\000i\000l\000e\000\040\000a\000p\000p}{section.1}% 2
\BOOKMARK [3][-]{subsubsection.1.1.1}{\376\377\000R\000e\000a\000c\000t\000\040\000N\000a\000t\000i\000v\000e\000\040\000l\000\340\000\040\000g\000\354\000?}{subsection.1.1}% 3
\BOOKMARK [3][-]{subsubsection.1.1.2}{\376\377\000C\000\341\000c\000h\000\040\000h\000o\036\241\000t\000\040\001\021\036\331\000n\000g\000\040\000c\036\347\000a\000\040\000R\000e\000a\000c\000t\000\040\000N\000a\000t\000i\000v\000e}{subsection.1.1}% 4
\BOOKMARK [2][-]{subsection.1.2}{\376\377\000M\000Q\000T\000T\000\040\000S\000e\000r\000v\000e\000r}{section.1}% 5
\BOOKMARK [3][-]{subsubsection.1.2.1}{\376\377\000M\000Q\000T\000T\000\040\000l\000\340\000\040\000g\000\354\000?}{subsection.1.2}% 6
\BOOKMARK [3][-]{subsubsection.1.2.2}{\376\377\001\257\000u\000\040\001\021\000i\036\303\000m\000\040\000c\036\347\000a\000\040\000M\000Q\000T\000T\000\040\000S\000e\000r\000v\000e\000r}{subsection.1.2}% 7
\BOOKMARK [2][-]{subsection.1.3}{\376\377\000K\000i\036\277\000n\000\040\000t\000r\000\372\000c\000\040\000g\000i\000a\000o\000\040\000t\000i\036\277\000p\000\040\000g\000i\036\357\000a\000\040\000t\000h\000i\036\277\000t\000\040\000b\036\313\000,\000\040\000I\000o\000T\000\040\000g\000a\000t\000e\000w\000a\000y\000,\000\040\000s\000e\000r\000v\000e\000r\000\040\000v\000\340\000\040\036\351\000n\000g\000\040\000d\036\345\000n\000g}{section.1}% 8
\BOOKMARK [1][-]{section.2}{\376\377\000M\000\364\000\040\000t\036\243\000\040\000u\000s\000e\000-\000c\000a\000s\000e}{}% 9
\BOOKMARK [2][-]{subsection.2.1}{\376\377\000X\000e\000m\000\040\000l\036\313\000c\000h\000\040\000s\036\355\000\040\001\021\000\341\000n\000h\000\040\000g\000i\000\341\000\040\000t\036\325\000n\000g\000\040\000q\000u\000a\000n}{section.2}% 10
\BOOKMARK [2][-]{subsection.2.2}{\376\377\001\020\001\003\000n\000g\000\040\000k\000\355\000\040\000t\000\340\000i\000\040\000k\000h\000o\036\243\000n\000\040}{section.2}% 11
\BOOKMARK [2][-]{subsection.2.3}{\376\377\000X\000\363\000a\000\040\000t\000\340\000i\000\040\000k\000h\000o\036\243\000n}{section.2}% 12
\BOOKMARK [2][-]{subsection.2.4}{\376\377\000X\000e\000m\000\040\000d\000a\000n\000h\000\040\000s\000\341\000c\000h\000\040\000t\000\340\000i\000\040\000k\000h\000o\036\243\000n}{section.2}% 13
\BOOKMARK [2][-]{subsection.2.5}{\376\377\001\020\001\003\000n\000g\000\040\000n\000h\036\255\000p\000\040\000t\000\340\000i\000\040\000k\000h\000o\036\243\000n}{section.2}% 14
\BOOKMARK [2][-]{subsection.2.6}{\376\377\001\020\001\003\000n\000g\000\040\000x\000u\036\245\000t\000\040\000t\000\340\000i\000\040\000k\000h\000o\036\243\000n}{section.2}% 15
\BOOKMARK [2][-]{subsection.2.7}{\376\377\000T\000h\000\352\000m\000\040\000b\036\333\000t\000\040\000t\000h\000i\036\277\000t\000\040\000b\036\313\000\040\001\021\000i\036\301\000u\000\040\000k\000h\000i\036\303\000n}{section.2}% 16
\BOOKMARK [2][-]{subsection.2.8}{\376\377\000X\000e\000m\000\040\001\021\036\331\000\040\036\251\000m\000,\000\040\000n\000h\000i\036\307\000t\000\040\001\021\036\331\000\040\000h\000i\036\307\000n\000\040\000t\036\241\000i}{section.2}% 17
\BOOKMARK [2][-]{subsection.2.9}{\376\377\000T\036\361\000\040\001\021\000i\036\301\000u\000\040\000c\000h\036\311\000n\000h\000\040\000n\000h\000i\036\307\000t\000\040\001\021\036\331\000,\000\040\001\021\036\331\000\040\036\251\000m}{section.2}% 18
\BOOKMARK [2][-]{subsection.2.10}{\376\377\000B\036\255\000t\000\040\000t\036\257\000t\000\040\000t\000h\000i\036\277\000t\000\040\000b\036\313}{section.2}% 19
\BOOKMARK [2][-]{subsection.2.11}{\376\377\000B\036\255\000t\000\040\000c\000h\036\277\000\040\001\021\036\331\000\040\000t\036\361\000\040\001\021\000i\036\301\000u\000\040\000c\000h\036\311\000n\000h\000\040\000t\036\361\000\040\001\021\036\331\000n\000g}{section.2}% 20
\BOOKMARK [1][-]{section.3}{\376\377\000T\000\340\000i\000\040\000l\000i\036\307\000u\000\040\000t\000h\000a\000m\000\040\000k\000h\036\243\000o}{}% 21
