\BOOKMARK [1][-]{section.1}{\376\377\000T\000h\000i\036\277\000t\000\040\000k\036\277\000\040\000g\000i\000a\000o\000\040\000d\000i\036\307\000n\000\040\000h\036\307\000\040\000t\000h\036\321\000n\000g}{}% 1
\BOOKMARK [2][-]{subsection.1.1}{\376\377\000G\000i\000a\000o\000\040\000d\000i\036\307\000n\000\040\001\021\001\003\000n\000g\000\040\000n\000h\036\255\000p}{section.1}% 2
\BOOKMARK [2][-]{subsection.1.2}{\376\377\000G\000i\000a\000o\000\040\000d\000i\036\307\000n\000\040\000t\000r\000a\000n\000g\000\040\000c\000h\036\347}{section.1}% 3
\BOOKMARK [2][-]{subsection.1.3}{\376\377\000G\000i\000a\000o\000\040\000d\000i\036\307\000n\000\040\000d\000a\000n\000h\000\040\000s\000\341\000c\000h\000\040\000c\000\341\000c\000\040\000p\000h\000\362\000n\000g}{section.1}% 4
\BOOKMARK [2][-]{subsection.1.4}{\376\377\000G\000i\000a\000o\000\040\000d\000i\036\307\000n\000\040\000t\000h\000i\036\277\000t\000\040\000b\036\313\000\040\000t\000r\000o\000n\000g\000\040\000p\000h\000\362\000n\000g}{section.1}% 5
\BOOKMARK [3][-]{subsubsection.1.4.1}{\376\377\000G\000i\000a\000o\000\040\000d\000i\036\307\000n\000\040\000t\000h\000i\036\277\000t\000\040\000b\036\313\000\040\000t\000r\000o\000n\000g\000\040\000p\000h\000\362\000n\000g\000\040\000v\036\333\000i\000\040\000c\000h\036\277\000\040\001\021\036\331\000\040\000A\000u\000t\000o\000m\000o\000d\000e}{subsection.1.4}% 6
\BOOKMARK [3][-]{subsubsection.1.4.2}{\376\377\000G\000i\000a\000o\000\040\000d\000i\036\307\000n\000\040\000t\000h\000i\036\277\000t\000\040\000b\036\313\000\040\000t\000r\000o\000n\000g\000\040\000p\000h\000\362\000n\000g\000\040\000v\036\333\000i\000\040\000c\000h\036\277\000\040\001\021\036\331\000\040\000t\036\361\000\040\001\021\000i\036\301\000u\000\040\000k\000h\000i\036\303\000n}{subsection.1.4}% 7
\BOOKMARK [2][-]{subsection.1.5}{\376\377\000T\000h\000a\000n\000h\000\040\000m\000e\000n\000u}{section.1}% 8
\BOOKMARK [3][-]{subsubsection.1.5.1}{\376\377\000T\000h\000a\000n\000h\000\040\000m\000e\000n\000u\000\040\000c\036\347\000a\000\040\000A\000d\000m\000i\000n}{subsection.1.5}% 9
\BOOKMARK [3][-]{subsubsection.1.5.2}{\376\377\000T\000h\000a\000n\000h\000\040\000m\000e\000n\000u\000\040\000c\036\347\000a\000\040\000U\000s\000e\000r}{subsection.1.5}% 10
\BOOKMARK [2][-]{subsection.1.6}{\376\377\000G\000i\000a\000o\000\040\000d\000i\036\307\000n\000\040\001\021\001\003\000n\000g\000\040\000k\000\375\000\040\000t\000\340\000i\000\040\000k\000h\000o\036\243\000n}{section.1}% 11
\BOOKMARK [2][-]{subsection.1.7}{\376\377\000G\000i\000a\000o\000\040\000d\000i\036\307\000n\000\040\000p\000h\000\342\000n\000\040\000t\000\355\000c\000h\000,\000\040\001\021\000\341\000n\000h\000\040\000g\000i\000\341\000\040\000t\036\325\000n\000g\000\040\000q\000u\000a\000n}{section.1}% 12
\BOOKMARK [2][-]{subsection.1.8}{\376\377\000G\000i\000a\000o\000\040\000d\000i\036\307\000n\000\040\000d\000a\000n\000h\000\040\000s\000\341\000c\000h\000\040\000c\036\243\000m\000\040\000b\000i\036\277\000n}{section.1}% 13
\BOOKMARK [2][-]{subsection.1.9}{\376\377\000G\000i\000a\000o\000\040\000d\000i\036\307\000n\000\040\000d\000a\000n\000h\000\040\000s\000\341\000c\000h\000\040\000c\036\243\000m\000\040\000b\000i\036\277\000n\000\040\000m\036\333\000i}{section.1}% 14
\BOOKMARK [2][-]{subsection.1.10}{\376\377\000G\000i\000a\000o\000\040\000d\000i\036\307\000n\000\040\000d\000a\000n\000h\000\040\000s\000\341\000c\000h\000\040\000t\000h\000\340\000n\000h\000\040\000v\000i\000\352\000n}{section.1}% 15
\BOOKMARK [1][-]{section.2}{\376\377\000T\000h\000i\036\277\000t\000\040\000k\036\277\000\040\000c\001\241\000\040\000s\036\337\000\040\000d\036\357\000\040\000l\000i\036\307\000u}{}% 16
\BOOKMARK [2][-]{subsection.2.1}{\376\377\000E\000R\000D}{section.2}% 17
\BOOKMARK [2][-]{subsection.2.2}{\376\377\000R\000M\000a\000p\000p\000i\000n\000g}{section.2}% 18
\BOOKMARK [1][-]{section.3}{\376\377\000B\000\341\000o\000\040\000c\000\341\000o\000\040\000g\000i\036\243\000i\000\040\000t\000h\000u\036\255\000t\000,\000\040\000c\000\364\000n\000g\000\040\000n\000g\000h\036\307\000\040\000t\000\354\000m\000\040\001\021\001\260\036\343\000c}{}% 19
\BOOKMARK [1][-]{section.4}{\376\377\000B\036\243\000n\000g\000\040\000p\000h\000\342\000n\000\040\000c\000\364\000n\000g\000\040\000n\000h\000i\036\307\000m\000\040\000v\036\345}{}% 20
\BOOKMARK [1][-]{section.5}{\376\377\000T\000\340\000i\000\040\000l\000i\036\307\000u\000\040\000t\000h\000a\000m\000\040\000k\000h\036\243\000o}{}% 21
